2019-10-30 14:16:49,577 INFO o.a.j.u.JMeterUtils: Setting Locale to en_EN
2019-10-30 14:16:49,588 INFO o.a.j.JMeter: Loading user properties from: /home/thamindu/Documents/Applications/apache-jmeter-5.1.1/bin/user.properties
2019-10-30 14:16:49,589 INFO o.a.j.JMeter: Loading system properties from: /home/thamindu/Documents/Applications/apache-jmeter-5.1.1/bin/system.properties
2019-10-30 14:16:49,592 INFO o.a.j.JMeter: Copyright (c) 1998-2019 The Apache Software Foundation
2019-10-30 14:16:49,593 INFO o.a.j.JMeter: Version 5.1.1 r1855137
2019-10-30 14:16:49,593 INFO o.a.j.JMeter: java.version=1.8.0_221
2019-10-30 14:16:49,593 INFO o.a.j.JMeter: java.vm.name=Java HotSpot(TM) 64-Bit Server VM
2019-10-30 14:16:49,593 INFO o.a.j.JMeter: os.name=Linux
2019-10-30 14:16:49,593 INFO o.a.j.JMeter: os.arch=amd64
2019-10-30 14:16:49,593 INFO o.a.j.JMeter: os.version=4.15.0-65-generic
2019-10-30 14:16:49,593 INFO o.a.j.JMeter: file.encoding=UTF-8
2019-10-30 14:16:49,593 INFO o.a.j.JMeter: java.awt.headless=true
2019-10-30 14:16:49,593 INFO o.a.j.JMeter: Max memory     =1073741824
2019-10-30 14:16:49,593 INFO o.a.j.JMeter: Available Processors =8
2019-10-30 14:16:49,603 INFO o.a.j.JMeter: Default Locale=English (EN)
2019-10-30 14:16:49,603 INFO o.a.j.JMeter: JMeter  Locale=English (EN)
2019-10-30 14:16:49,603 INFO o.a.j.JMeter: JMeterHome=/home/thamindu/Documents/Applications/apache-jmeter-5.1.1
2019-10-30 14:16:49,603 INFO o.a.j.JMeter: user.dir  =/home/thamindu/Documents/project/project/APIM Traffic Tool
2019-10-30 14:16:49,603 INFO o.a.j.JMeter: PWD       =/home/thamindu/Documents/project/project/APIM Traffic Tool
2019-10-30 14:16:49,604 INFO o.a.j.JMeter: IP: 10.100.4.187 Name: thamindu FullName: thamindu
2019-10-30 14:16:49,607 INFO o.a.j.s.FileServer: Default base='/home/thamindu/Documents/project/project/APIM Traffic Tool'
2019-10-30 14:16:49,610 INFO o.a.j.s.FileServer: Set new base='/home/thamindu/Documents/project/project/APIM Traffic Tool'
2019-10-30 14:16:49,702 INFO o.a.j.s.SaveService: Testplan (JMX) version: 2.2. Testlog (JTL) version: 2.2
2019-10-30 14:16:49,711 INFO o.a.j.s.SaveService: Using SaveService properties file encoding UTF-8
2019-10-30 14:16:49,715 INFO o.a.j.s.SaveService: Using SaveService properties version 5.0
2019-10-30 14:16:49,720 INFO o.a.j.s.SaveService: Loading file: Generate token list.jmx
2019-10-30 14:16:49,760 INFO o.a.j.p.h.s.HTTPSamplerBase: Parser for text/html is org.apache.jmeter.protocol.http.parser.LagartoBasedHtmlParser
2019-10-30 14:16:49,760 INFO o.a.j.p.h.s.HTTPSamplerBase: Parser for application/xhtml+xml is org.apache.jmeter.protocol.http.parser.LagartoBasedHtmlParser
2019-10-30 14:16:49,760 INFO o.a.j.p.h.s.HTTPSamplerBase: Parser for application/xml is org.apache.jmeter.protocol.http.parser.LagartoBasedHtmlParser
2019-10-30 14:16:49,760 INFO o.a.j.p.h.s.HTTPSamplerBase: Parser for text/xml is org.apache.jmeter.protocol.http.parser.LagartoBasedHtmlParser
2019-10-30 14:16:49,760 INFO o.a.j.p.h.s.HTTPSamplerBase: Parser for text/vnd.wap.wml is org.apache.jmeter.protocol.http.parser.RegexpHTMLParser
2019-10-30 14:16:49,760 INFO o.a.j.p.h.s.HTTPSamplerBase: Parser for text/css is org.apache.jmeter.protocol.http.parser.CssParser
2019-10-30 14:16:49,834 INFO o.a.j.JMeter: Creating summariser <summary>
2019-10-30 14:16:49,839 INFO o.a.j.e.StandardJMeterEngine: Running the test!
2019-10-30 14:16:49,839 INFO o.a.j.s.SampleEvent: List of sample_variables: []
2019-10-30 14:16:49,840 INFO o.a.j.s.SampleEvent: List of sample_variables: []
2019-10-30 14:16:49,845 INFO o.a.j.e.u.CompoundVariable: Note: Function class names must contain the string: '.functions.'
2019-10-30 14:16:49,845 INFO o.a.j.e.u.CompoundVariable: Note: Function class names must not contain the string: '.gui.'
2019-10-30 14:16:50,245 INFO o.a.j.JMeter: Running test (1572425210244)
2019-10-30 14:16:50,283 INFO o.a.j.e.StandardJMeterEngine: Starting ThreadGroup: 1 : Generate consumer_key, consumer_secret list
2019-10-30 14:16:50,283 INFO o.a.j.e.StandardJMeterEngine: Starting 1 threads for group Generate consumer_key, consumer_secret list.
2019-10-30 14:16:50,283 INFO o.a.j.e.StandardJMeterEngine: Thread will continue on error
2019-10-30 14:16:50,283 INFO o.a.j.t.ThreadGroup: Starting thread group... number=1 threads=1 ramp-up=1 delayedStart=false
2019-10-30 14:16:50,300 INFO o.a.j.t.ThreadGroup: Started thread group number 1
2019-10-30 14:16:50,300 INFO o.a.j.e.StandardJMeterEngine: Waiting for thread group: Generate consumer_key, consumer_secret list to finish before starting next group
2019-10-30 14:16:50,311 INFO o.a.j.t.JMeterThread: Thread started: Generate consumer_key, consumer_secret list 1-1
2019-10-30 14:16:50,547 INFO o.a.j.s.SampleResult: Note: Sample TimeStamps are START times
2019-10-30 14:16:50,548 INFO o.a.j.s.SampleResult: sampleresult.default.encoding is set to ISO-8859-1
2019-10-30 14:16:50,548 INFO o.a.j.s.SampleResult: sampleresult.useNanoTime=true
2019-10-30 14:16:50,548 INFO o.a.j.s.SampleResult: sampleresult.nanoThreadSleep=5000
2019-10-30 14:16:50,592 INFO o.a.j.p.h.s.HTTPHCAbstractImpl: Local host = thamindu
2019-10-30 14:16:50,599 INFO o.a.j.p.h.s.HTTPHC4Impl: HTTP request retry count = 0
2019-10-30 14:16:50,667 INFO o.a.j.p.h.s.h.LazyLayeredConnectionSocketFactory: Setting up HTTPS TrustAll Socket Factory
2019-10-30 14:16:50,672 INFO o.a.j.u.JsseSSLManager: Using default SSL protocol: TLS
2019-10-30 14:16:50,672 INFO o.a.j.u.JsseSSLManager: SSL session context: per-thread
2019-10-30 14:16:50,797 INFO o.a.j.u.SSLManager: JmeterKeyStore Location:  type JKS
2019-10-30 14:16:50,799 INFO o.a.j.u.SSLManager: KeyStore created OK
2019-10-30 14:16:50,799 WARN o.a.j.u.SSLManager: Keystore file not found, loading empty keystore
2019-10-30 14:16:50,961 INFO o.a.j.s.FileServer: Stored: /home/thamindu/Documents/project/project/APIM Traffic Tool/APIM_scenario/data/app_creation.csv Alias: /home/thamindu/Documents/project/project/APIM Traffic Tool/APIM_scenario/data/app_creation.csv@1740223770
2019-10-30 14:16:51,655 INFO o.a.j.t.JMeterThread: Stop Thread seen for thread Generate consumer_key, consumer_secret list 1-1, reason: org.apache.jorphan.util.JMeterStopThreadException: End of file:/home/thamindu/Documents/project/project/APIM Traffic Tool/APIM_scenario/data/app_creation.csv detected for CSV DataSet:CSV Data Set Config configured with stopThread:true, recycle:false
2019-10-30 14:16:51,656 INFO o.a.j.t.JMeterThread: Thread finished: Generate consumer_key, consumer_secret list 1-1
2019-10-30 14:16:51,657 INFO o.a.j.e.StandardJMeterEngine: Starting ThreadGroup: 2 : Generate token list
2019-10-30 14:16:51,658 INFO o.a.j.e.StandardJMeterEngine: Starting 1 threads for group Generate token list.
2019-10-30 14:16:51,658 INFO o.a.j.e.StandardJMeterEngine: Thread will continue on error
2019-10-30 14:16:51,658 INFO o.a.j.t.ThreadGroup: Starting thread group... number=2 threads=1 ramp-up=1 delayedStart=false
2019-10-30 14:16:51,659 INFO o.a.j.t.ThreadGroup: Started thread group number 2
2019-10-30 14:16:51,659 INFO o.a.j.e.StandardJMeterEngine: All thread groups have been started
2019-10-30 14:16:51,662 INFO o.a.j.t.JMeterThread: Thread started: Generate token list 2-1
2019-10-30 14:16:51,663 INFO o.a.j.s.FileServer: Stored: /home/thamindu/Documents/project/project/APIM Traffic Tool/APIM_scenario/data/user_app_pattern.csv Alias: /home/thamindu/Documents/project/project/APIM Traffic Tool/APIM_scenario/data/user_app_pattern.csv@2024415090
2019-10-30 14:16:53,578 INFO o.a.j.t.JMeterThread: Stop Thread seen for thread Generate token list 2-1, reason: org.apache.jorphan.util.JMeterStopThreadException: End of file:/home/thamindu/Documents/project/project/APIM Traffic Tool/APIM_scenario/data/user_app_pattern.csv detected for CSV DataSet:CSV Data Set Config configured with stopThread:true, recycle:false
2019-10-30 14:16:53,578 INFO o.a.j.t.JMeterThread: Thread finished: Generate token list 2-1
2019-10-30 14:16:53,579 INFO o.a.j.e.StandardJMeterEngine: Notifying test listeners of end of test
2019-10-30 14:16:53,579 INFO o.a.j.s.FileServer: Close: /home/thamindu/Documents/project/project/APIM Traffic Tool/APIM_scenario/data/app_creation.csv@1740223770
2019-10-30 14:16:53,580 INFO o.a.j.s.FileServer: Close: /home/thamindu/Documents/project/project/APIM Traffic Tool/APIM_scenario/data/user_app_pattern.csv@2024415090
2019-10-30 14:16:53,581 INFO o.a.j.r.Summariser: summary =    160 in 00:00:03 =   47.9/s Avg:    13 Min:     5 Max:   277 Err:     0 (0.00%)
